
Performing NB_SE training at 2018-04-10 11:38:09.481766
             precision    recall  f1-score   support

   Positive       0.80      0.68      0.73       618
   Negative       0.87      0.93      0.90      1440

avg / total       0.85      0.85      0.85      2058


Performing NB_SE training at 2018-04-10 11:39:28.062776
             precision    recall  f1-score   support

   Positive       0.80      0.68      0.73       618
   Negative       0.87      0.93      0.90      1440

avg / total       0.85      0.85      0.85      2058

Train the model :: 2018-04-10 11:58:23.824545
Testing the model :: 2018-04-10 11:58:24.043432

Performing NB_SE testing at 2018-04-10 11:58:24.074738
             precision    recall  f1-score   support

   Positive       0.80      0.68      0.73       618
   Negative       0.87      0.93      0.90      1440

avg / total       0.85      0.85      0.85      2058


Train the model :: 2018-04-24 12:05:34.267501
Training finished :: 2018-04-24 12:05:34.468297


Performing NB_SE testing at 2018-04-24 12:05:34.495176
             precision    recall  f1-score   support

   Positive      0.802     0.676     0.734       618
   Negative      0.870     0.928     0.898      1440

avg / total      0.850     0.853     0.849      2058

